Arguments: 
  C:\Program Files\nodejs\node.exe C:\Program Files (x86)\Yarn\bin\yarn.js

PATH: 
  C:\Program Files\Git\mingw64\bin;C:\Program Files\Git\usr\bin;C:\Users\rbonilla\bin;C:\ProgramData\DockerDesktop\version-bin;C:\Program Files\Docker\Docker\Resources\bin;C:\sybase\JS-12_5\bin;C:\sybase\ADO.NET\dll;C:\sybase\OLEDB;C:\sybase\ODBC;C:\sybase\OCS-12_5\lib3p;C:\sybase\OCS-12_5\dll;C:\sybase\OCS-12_5\bin;C:\Program Files (x86)\Common Files\Oracle\Java\javapath;C:\ProgramData\Oracle\Java\javapath;C:\Program Files (x86)\Intel\iCLS Client;C:\Program Files\Intel\iCLS Client;C:\WINDOWS\system32;C:\WINDOWS;C:\WINDOWS\System32\Wbem;C:\WINDOWS\System32\WindowsPowerShell\v1.0;C:\Program Files\Intel\Intel(R) Management Engine Components\DAL;C:\Program Files\Intel\Intel(R) Management Engine Components\IPT;C:\Program Files (x86)\Intel\Intel(R) Management Engine Components\DAL;C:\Program Files (x86)\Intel\Intel(R) Management Engine Components\IPT;C:\Users\rbonilla\AppData\Roaming\nvm;C:\ProgramData\chocolatey\bin;C:\Program Files\Java\jdk1.8.0_152\bin;C:\Android\android-sdk\tools;C:\Android\android-sdk\platform-tools;C:\Program Files\Amazon\AWSCLI;C:\Program Files\Git\cmd;C:\WINDOWS\System32\OpenSSH;C:\Python27\ArcGIS10.3;C:\Python27\ArcGIS10.3\Scripts;C:\Program Files\dotnet;C:\Users\rbonilla\AppData\Local\Microsoft\WindowsApps;C:\Program Files\Microsoft VS Code\bin;C:\Users\rbonilla\AppData\Local\Programs\Microsoft VS Code\bin;C:\Users\rbonilla\AppData\Local\Programs\Fiddler;C:\Program Files\Microsoft SQL Server\130\Tools\Binn;C:\Program Files\Microsoft SQL Server\Client SDK\ODBC\170\Tools\Binn;C:\WINDOWS\system32;C:\WINDOWS;C:\WINDOWS\System32\Wbem;C:\WINDOWS\System32\WindowsPowerShell\v1.0;C:\WINDOWS\System32\OpenSSH;C:\Program Files (x86)\Yarn\bin;C:\Users\rbonilla\AppData\Roaming\nvm;C:\Program Files\nodejs;C:\Users\rbonilla\AppData\Local\Yarn\bin;C:\Program Files\Salesforce CLI\bin

Yarn version: 
  1.17.3

Node version: 
  12.13.1

Platform: 
  win32 x64

Trace: 
  Error: getaddrinfo EAI_AGAIN registry.yarnpkg.com
      at GetAddrInfoReqWrap.onlookup [as oncomplete] (dns.js:60:26)

npm manifest: 
  {
    "name": "@tomyitav/graphql-server-typed",
    "version": "1.0.0",
    "description": "",
    "main": "index.js",
    "scripts": {
      "build-schema:win": "rimraf ./dist/graphql/schema/ && dir /s /b \"src/graphql/types\" | findstr /e .ts > ts-files.txt && tsc ./src/graphql/schema/genereator-schema.ts --outDir ./dist/graphql/schema/ --lib esnext && tsc @ts-files.txt --outDir ./dist/graphql/types --lib esnext && del ts-files.txt",
      "generate-ts": "gql-gen",
      "pregenerate:win": "npm run build-schema:win",
      "generate:win": "npm run generate-ts",
      "clean": "rimraf dist",
      "prebuild:win": "npm run clean && npm run generate:win",
      "build:win": "npm run tsc:win",
      "start": "node dist/main.js",
      "start:dev": "ts-node src/main.ts",
      "start:watch": "nodemon",
      "test": "tsc && mocha dist/**/*.spec.js",
      "lint": "eslint src --ext ts",
      "tsc:win": "tsc",
      "build-schema": "rimraf ./dist/graphql/schema/ && find src/graphql/types -iname \"*.ts\" > ts-files.txt && tsc ./src/graphql/schema/genereator-schema.ts --outDir ./dist/graphql/schema/ --lib esnext && tsc @ts-files.txt --outDir ./dist/graphql/types --lib esnext && rimraf ts-files.txt",
      "pregenerate": "npm run build-schema",
      "generate": "npm run generate-ts",
      "prebuild": "npm run clean && npm run generate",
      "build": "npm run tsc",
      "tsc": "tsc",
      "tslint": "tslint --fix -c tslint.json 'src/**/*.ts'",
      "prettier": "prettier --write \"src/**/*.ts\"",
      "precommit-tslint": "tslint --fix -c tslint.json",
      "precommit-prettier": "prettier --write",
      "tslint-check": "tslint-config-prettier-check ./tslint.json",
      "deploy": "now"
    },
    "husky": {
      "hooks": {
        "pre-commit": "lint-staged"
      }
    },
    "lint-staged": {
      "linters": {
        "*.ts": [
          "npm run precommit-tslint",
          "npm run precommit-prettier",
          "git add"
        ]
      }
    },
    "_moduleAliases": {
      "@src": "dist"
    },
    "keywords": [],
    "author": "",
    "license": "ISC",
    "dependencies": {
      "apollo-server-express": "2.5.0",
      "core-js": "3.0.1",
      "cors": "2.8.5",
      "express": "4.17.0",
      "graphql": "14.3.0",
      "graphql-subscriptions": "1.1.0",
      "graphql-tools": "4.0.4",
      "injection-js": "2.2.1",
      "merge-graphql-schemas": "1.5.8",
      "module-alias": "2.2.0",
      "reflect-metadata": "0.1.13",
      "subscriptions-transport-ws": "0.9.16",
      "winston": "3.2.1",
      "winston-daily-rotate-file": "3.9.0",
      "zone.js": "0.9.1"
    },
    "devDependencies": {
      "@types/express": "4.16.1",
      "@types/graphql": "14.2.0",
      "@types/node": "10.14.6",
      "@graphql-codegen/cli": "1.1.3",
      "@graphql-codegen/typescript": "1.1.3",
      "@graphql-codegen/typescript-operations": "1.1.3",
      "husky": "2.3.0",
      "lint-staged": "8.1.7",
      "nodemon": "1.19.0",
      "prettier": "1.17.1",
      "rimraf": "2.6.3",
      "ts-node": "8.1.0",
      "tslint": "5.16.0",
      "tslint-config-prettier": "1.18.0",
      "tslint-eslint-rules": "5.4.0",
      "tslint-react": "4.0.0",
      "typescript": "3.4.5",
      "typescript-eslint-parser": "21.0.2"
    }
  }

yarn manifest: 
  No manifest

Lockfile: 
  No lockfile
